e:\personal folders\udacity_intro to self driving car\histogramfiltercpp_project\debug\histogramfiltercpp_project.pch
e:\personal folders\udacity_intro to self driving car\histogramfiltercpp_project\debug\vc141.pdb
e:\personal folders\udacity_intro to self driving car\histogramfiltercpp_project\debug\vc141.idb
e:\personal folders\udacity_intro to self driving car\histogramfiltercpp_project\debug\stdafx.obj
e:\personal folders\udacity_intro to self driving car\histogramfiltercpp_project\debug\tests.obj
e:\personal folders\udacity_intro to self driving car\histogramfiltercpp_project\debug\simulate.obj
e:\personal folders\udacity_intro to self driving car\histogramfiltercpp_project\debug\debugging_helpers.obj
e:\personal folders\udacity_intro to self driving car\histogramfiltercpp_project\debug\helpers.obj
e:\personal folders\udacity_intro to self driving car\histogramfiltercpp_project\debug\localizer.obj
e:\personal folders\udacity_intro to self driving car\histogramfiltercpp_project\debug\histogramfiltercpp_project.res
e:\personal folders\udacity_intro to self driving car\histogramfiltercpp_project\debug\tests.obj.enc
e:\personal folders\udacity_intro to self driving car\histogramfiltercpp_project\debug\histogramfiltercpp_project.ilk
e:\personal folders\udacity_intro to self driving car\histogramfiltercpp_project\debug\histogramfiltercpp_project.pdb
e:\personal folders\udacity_intro to self driving car\histogramfiltercpp_project\debug\histogramfiltercpp_project.exe
e:\personal folders\udacity_intro to self driving car\histogramfiltercpp_project\debug\histogra.16d51ac7.tlog\cl.command.1.tlog
e:\personal folders\udacity_intro to self driving car\histogramfiltercpp_project\debug\histogra.16d51ac7.tlog\cl.read.1.tlog
e:\personal folders\udacity_intro to self driving car\histogramfiltercpp_project\debug\histogra.16d51ac7.tlog\cl.write.1.tlog
e:\personal folders\udacity_intro to self driving car\histogramfiltercpp_project\debug\histogra.16d51ac7.tlog\link.command.1.tlog
e:\personal folders\udacity_intro to self driving car\histogramfiltercpp_project\debug\histogra.16d51ac7.tlog\link.read.1.tlog
e:\personal folders\udacity_intro to self driving car\histogramfiltercpp_project\debug\histogra.16d51ac7.tlog\link.write.1.tlog
e:\personal folders\udacity_intro to self driving car\histogramfiltercpp_project\debug\histogra.16d51ac7.tlog\rc.command.1.tlog
e:\personal folders\udacity_intro to self driving car\histogramfiltercpp_project\debug\histogra.16d51ac7.tlog\rc.read.1.tlog
e:\personal folders\udacity_intro to self driving car\histogramfiltercpp_project\debug\histogra.16d51ac7.tlog\rc.write.1.tlog
